Arguments: 
  C:\Program Files\nodejs\node.exe C:\Users\Christophe\AppData\Roaming\npm\node_modules\yarn\bin\yarn.js add worker_threads

PATH: 
  C:\Program Files\ImageMagick-7.1.0-Q16-HDRI;C:\WINDOWS\system32;C:\WINDOWS;C:\WINDOWS\System32\Wbem;C:\WINDOWS\System32\WindowsPowerShell\v1.0\;C:\WINDOWS\System32\OpenSSH\;C:\Program Files\Git\cmd;C:\Program Files\PuTTY\;C:\Program Files\EPSON\OPOS for .NET\Lib64;C:\Program Files\nodejs\;C:\Program Files\MySQL\MySQL Shell 8.0\bin\;C:\Users\Christophe\AppData\Local\Microsoft\WindowsApps;C:\Users\Christophe\AppData\Local\Programs\Microsoft VS Code\bin;C:\Users\Christophe\AppData\Roaming\npm

Yarn version: 
  1.22.17

Node version: 
  14.17.1

Platform: 
  win32 x64

Trace: 
  Error: https://registry.yarnpkg.com/worker_threads: Not found
      at Request.params.callback [as _callback] (C:\Users\Christophe\AppData\Roaming\npm\node_modules\yarn\lib\cli.js:67029:18)
      at Request.self.callback (C:\Users\Christophe\AppData\Roaming\npm\node_modules\yarn\lib\cli.js:140883:22)
      at Request.emit (events.js:375:28)
      at Request.<anonymous> (C:\Users\Christophe\AppData\Roaming\npm\node_modules\yarn\lib\cli.js:141855:10)
      at Request.emit (events.js:375:28)
      at IncomingMessage.<anonymous> (C:\Users\Christophe\AppData\Roaming\npm\node_modules\yarn\lib\cli.js:141777:12)
      at Object.onceWrapper (events.js:481:28)
      at IncomingMessage.emit (events.js:387:35)
      at endReadableNT (internal/streams/readable.js:1317:12)
      at processTicksAndRejections (internal/process/task_queues.js:82:21)

npm manifest: 
  {
    "name": "electronack-client",
    "productName": "electronack-client",
    "version": "1.0.0",
    "description": "electronack-client",
    "main": "./src/bot.js",
    "bin": "./src/bot.js",
    "pkg": {
      "assets": [
        "node_modules/**/*",
        "src/**/*"
      ],
      "targets": [
        "node12-macos-x64",
        "node10-win-x64"
      ]
    },
    "scripts": {
      "start": "node ./src/bot.js",
      "build": "pkg --debug --output build/web ."
    },
    "dependencies": {
      "ws": "^8.4.0"
    }
  }

yarn manifest: 
  No manifest

Lockfile: 
  # THIS IS AN AUTOGENERATED FILE. DO NOT EDIT THIS FILE DIRECTLY.
  # yarn lockfile v1
  
  
  ws@^8.4.0:
    version "8.4.0"
    resolved "https://registry.yarnpkg.com/ws/-/ws-8.4.0.tgz#f05e982a0a88c604080e8581576e2a063802bed6"
    integrity sha512-IHVsKe2pjajSUIl4KYMQOdlyliovpEPquKkqbwswulszzI7r0SfQrxnXdWAEqOlDCLrVSJzo+O1hAwdog2sKSQ==
